[Licensing::Module] Trying to connect to existing licensing client channel...
Built from '6000.4/staging' branch; Version is '6000.4.0f1 (8cf496087c8f) revision 9237654'; Using compiler version '194234433'; Build Type 'Release'
OS: 'Windows 11  (10.0.26200) CoreSingleLanguage' Language: 'en' Physical Memory: 16052 MB
BatchMode: 1, IsHumanControllingUs: 0, StartBugReporterOnCrash: 0, Is64bit: 1
[Licensing::IpcConnector] Successfully connected to: "LicenseClient-ycao8" at "2026-04-02T06:05:13.243019Z"
System  architecture: x64
Process architecture: x64
Date: 2026-04-02T06:05:13Z

COMMAND LINE ARGUMENTS:
C:\Program Files\Unity\Hub\Editor\6000.4.0f1\Editor\Unity.exe
-adb2
-batchMode
-noUpm
-name
AssetImportWorker0
-projectPath
D:/University/VR/final_project_VR/death_forest_v18_noise_story_jumpscare_fix
-logFile
Logs/AssetImportWorker0.log
-srvPort
55731
-licensingIpc
LicenseClient-ycao8
-force-d3d12
-job-worker-count
7
-background-job-worker-count
8
-gc-helper-count
1
-name
AssetImport
Successfully changed project path to: D:/University/VR/final_project_VR/death_forest_v18_noise_story_jumpscare_fix
D:/University/VR/final_project_VR/death_forest_v18_noise_story_jumpscare_fix
[UnityMemory] Configuration Parameters - Can be set up in boot.config
    "memorysetup-temp-allocator-size-gi-baking-worker=262144"
    "memorysetup-temp-allocator-size-gi-baking-worker=262144"
    "memorysetup-temp-allocator-size-gi-baking-worker=262144"
    "memorysetup-temp-allocator-size-gi-baking-worker=262144"
    "memorysetup-temp-allocator-size-gi-baking-worker=262144"
    "memorysetup-temp-allocator-size-nav-mesh-worker=65536"
    "memorysetup-temp-allocator-size-audio-worker=65536"
    "memorysetup-temp-allocator-size-cloud-worker=32768"
    "memorysetup-temp-allocator-size-gfx=262144"
    "memorysetup-temp-allocator-size-preload-manager=33554432"
    "memorysetup-temp-allocator-size-job-worker=262144"
    "memorysetup-temp-allocator-size-background-worker=32768"
    "memorysetup-allocator-temp-initial-block-size-main=262144"
    "memorysetup-allocator-temp-initial-block-size-worker=262144"
    "memorysetup-bucket-allocator-granularity=16"
    "memorysetup-bucket-allocator-bucket-count=8"
    "memorysetup-bucket-allocator-block-size=33554432"
    "memorysetup-bucket-allocator-block-count=8"
    "memorysetup-main-allocator-block-size=16777216"
    "memorysetup-thread-allocator-block-size=16777216"
    "memorysetup-gfx-main-allocator-block-size=16777216"
    "memorysetup-gfx-thread-allocator-block-size=16777216"
    "memorysetup-cache-allocator-block-size=4194304"
    "memorysetup-typetree-allocator-block-size=2097152"
    "memorysetup-profiler-bucket-allocator-granularity=16"
    "memorysetup-profiler-bucket-allocator-bucket-count=8"
    "memorysetup-profiler-bucket-allocator-block-size=33554432"
    "memorysetup-profiler-bucket-allocator-block-count=8"
    "memorysetup-profiler-allocator-block-size=16777216"
    "memorysetup-profiler-editor-allocator-block-size=1048576"
    "memorysetup-temp-allocator-size-main=16777216"
    "memorysetup-job-temp-allocator-block-size=2097152"
    "memorysetup-job-temp-allocator-block-size-background=1048576"
    "memorysetup-job-temp-allocator-reduction-small-platforms=262144"
Player connection [15548]  Target information:

Player connection [15548]  * "[IP] 192.168.50.1 [Port] 0 [Flags] 2 [Guid] 686124574 [EditorId] 686124574 [Version] 1048832 [Id] WindowsEditor(7,CaoY) [Debug] 1 [PackageName] WindowsEditor [ProjectName] Editor" 

Player connection [15548]  * "[IP] 192.168.80.1 [Port] 0 [Flags] 2 [Guid] 686124574 [EditorId] 686124574 [Version] 1048832 [Id] WindowsEditor(7,CaoY) [Debug] 1 [PackageName] WindowsEditor [ProjectName] Editor" 

Player connection [15548]  * "[IP] 172.18.224.1 [Port] 0 [Flags] 2 [Guid] 686124574 [EditorId] 686124574 [Version] 1048832 [Id] WindowsEditor(7,CaoY) [Debug] 1 [PackageName] WindowsEditor [ProjectName] Editor" 

Player connection [15548]  * "[IP] 192.168.1.169 [Port] 0 [Flags] 2 [Guid] 686124574 [EditorId] 686124574 [Version] 1048832 [Id] WindowsEditor(7,CaoY) [Debug] 1 [PackageName] WindowsEditor [ProjectName] Editor" 

Player connection [15548] Host joined multi-casting on [225.0.0.222:54997]...
Player connection [15548] Host joined alternative multi-casting on [225.0.0.222:34997]...
JobSystem: Creating JobQueue using job-worker-count value 7
Input System module state changed to: Initialized.
[Physics::Module] Initialized fallback backend.
[Physics::Module] Id: 0xdecafbad
Library Redirect Path: Library/
[Physics::Module] Selected backend.
[Physics::Module] Name: PhysX
[Physics::Module] Id: 0xf2b8ea05
[Physics::Module] SDK Version: 4.1.2
[Physics::Module] Integration Version: 1.0.0
[Physics::Module] Threading Mode: Multi-Threaded
Initialize engine version: 6000.4.0f1 (8cf496087c8f)
[Subsystems] Discovering subsystems at path C:/Program Files/Unity/Hub/Editor/6000.4.0f1/Editor/Data/Resources/UnitySubsystems
[Subsystems] Discovering subsystems at path D:/University/VR/final_project_VR/death_forest_v18_noise_story_jumpscare_fix/Assets
Forcing GfxDevice: Direct3D 12
GfxDevice: creating device client; kGfxThreadingModeNonThreaded
d3d12: failed to query info queue interface (0x80004002).
Direct3D:
    Version:         Direct3D 12 [level 12.1]
    Renderer:        Intel(R) Iris(R) Xe Graphics (ID=0x46a6)
    Vendor:          Intel
    VRAM:            8026 MB
    App VRAM Budget: 7368 MB
    Driver:          32.0.101.5542
    Unified Memory Architecture
    Cache Coherent UMA
Initialize mono
Mono path[0] = 'C:/Program Files/Unity/Hub/Editor/6000.4.0f1/Editor/Data/Managed'
Mono path[1] = 'C:/Program Files/Unity/Hub/Editor/6000.4.0f1/Editor/Data/MonoBleedingEdge/lib/mono/unityjit-win32'
Mono config path = 'C:/Program Files/Unity/Hub/Editor/6000.4.0f1/Editor/Data/MonoBleedingEdge/etc'
Using monoOptions --debugger-agent=transport=dt_socket,embedding=1,server=y,suspend=n,address=127.0.0.1:56500
CodeReloadManager initialized
Begin MonoManager ReloadAssembly
Registering precompiled unity dll's ...
Register platform support module: C:/Program Files/Unity/Hub/Editor/6000.4.0f1/Editor/Data/PlaybackEngines/WindowsStandaloneSupport/UnityEditor.WindowsStandalone.Extensions.dll
Registered in 0.002085 seconds.
Native extension for WindowsStandalone target not found
[Licensing::Client] Error: HandshakeResponse reported an error:
	ResponseCode: 505
	ResponseStatus: Unsupported protocol version '1.18.1'.
[Licensing::Module] Error: Failed to handshake to channel: "LicenseClient-ycao8"
[Licensing::IpcConnector] LicenseClient-ycao8 channel disconnected successfully.
[Licensing::IpcConnector] Successfully connected to: "LicenseClient-ycao8-6000.4.0" at "2026-04-02T06:05:15.1477518Z"
Package Manager log level set to [2]
[Package Manager] Failed to launch server process. Reason: Unity was launched with the -noUpm command-line argument
[Package Manager] Unable to send message (not connected to server process).
[Package Manager] Cannot connect to Unity Package Manager local server
ScheduleIndexationOnStartup MainProcess:False IndexOnStartup:True
Mono: successfully reloaded assembly
- Finished resetting the current domain, in  0.675 seconds
Domain Reload Profiling: 1388ms
	BeginReloadAssembly (207ms)
	RebuildCommonClasses (61ms)
	RebuildNativeTypeToScriptingClass (20ms)
	initialDomainReloadingComplete (102ms)
	LoadAllAssembliesAndSetupDomain (320ms)
		LoadAssemblies (202ms)
		AnalyzeDomain (304ms)
			TypeCache.Refresh (302ms)
				TypeCache.ScanAssembly (281ms)
	FinalizeReload (678ms)
		SetupLoadedEditorAssemblies (0ms)
			InitializePlatformSupportModulesInManaged (77ms)
			BeforeProcessingInitializeOnLoad (153ms)
			ProcessInitializeOnLoadAttributes (185ms)
			ProcessInitializeOnLoadMethodAttributes (147ms)
========================================================================
Worker process is ready to serve import requests
Import Worker Mode flag is 0x00
Begin MonoManager ReloadAssembly
[Licensing::Module] Licensing is not yet initialized.
[Licensing::Client] Handshaking with LicensingClient:
  Version:                 1.18.1+9fbee8e
  Session Id:              6353ea4c81e342c69c4898fac0144f5a
  Correlation Id:          3402ce867cc8231f5ca6e3c07cbe3f6e
  External correlation Id: 1038790634064222556
  Machine Id:              3VAeN7e99mAB7T4f1SqqKu3lLn8=
[Licensing::Module] Successfully connected to LicensingClient on channel: "LicenseClient-ycao8-6000.4.0" (connect: 0.00s, validation: 0.00s, handshake: 2.00s)
[Licensing::IpcConnector] Successfully connected to: "LicenseClient-ycao8-6000.4.0-notifications" at "2026-04-02T06:05:17.1509357Z"
[Licensing::Module] Licensing Background thread has ended after 3.91s
[Licensing::Module] Licensing is initialized (took 1.47s).
[Licensing::Client] Successfully resolved entitlement details
[Licensing::Module] License group:
  Id: 18968397544137-UnityPersXXXX
  Product: Unity Personal
  Type: Assigned
  Expiration: Unlimited
Assembly Assembly-CSharp-Editor-firstpass.dll at Library/ScriptAssemblies/Assembly-CSharp-Editor-firstpass.dll not valid. Loading of assembly skipped.
Assembly Assembly-CSharp-firstpass.dll at Library/ScriptAssemblies/Assembly-CSharp-firstpass.dll not valid. Loading of assembly skipped.
Assembly Unity.TextMeshPro.Editor.Tests.dll at Library/ScriptAssemblies/Unity.TextMeshPro.Editor.Tests.dll not valid. Loading of assembly skipped.
Assembly Unity.TextMeshPro.Tests.dll at Library/ScriptAssemblies/Unity.TextMeshPro.Tests.dll not valid. Loading of assembly skipped.
Assembly UnityEditor.UI.Common.Tests.dll at Library/ScriptAssemblies/UnityEditor.UI.Common.Tests.dll not valid. Loading of assembly skipped.
Assembly UnityEditor.UI.EditorTests.dll at Library/ScriptAssemblies/UnityEditor.UI.EditorTests.dll not valid. Loading of assembly skipped.
Assembly UnityEngine.UI.Tests.dll at Library/ScriptAssemblies/UnityEngine.UI.Tests.dll not valid. Loading of assembly skipped.
Native extension for WindowsStandalone target not found
[Package Manager] Failed to launch server process. Reason: Unity was launched with the -noUpm command-line argument
[Package Manager] Unable to send message (not connected to server process).
[Package Manager] Cannot connect to Unity Package Manager local server
ScheduleIndexationOnStartup MainProcess:False IndexOnStartup:True
Mono: successfully reloaded assembly
- Finished resetting the current domain, in  0.711 seconds
Domain Reload Profiling: 2839ms
	BeginReloadAssembly (1858ms)
		DisableScriptedObjects (16ms)
		CreateAndSetChildDomain (74ms)
	RebuildCommonClasses (103ms)
	RebuildNativeTypeToScriptingClass (33ms)
	initialDomainReloadingComplete (81ms)
	LoadAllAssembliesAndSetupDomain (51ms)
		LoadAssemblies (221ms)
		AnalyzeDomain (34ms)
			TypeCache.Refresh (19ms)
				TypeCache.ScanAssembly (11ms)
			BuildScriptInfoCaches (7ms)
			ResolveRequiredComponents (5ms)
	FinalizeReload (713ms)
		SetupLoadedEditorAssemblies (0ms)
			InitializePlatformSupportModulesInManaged (3ms)
			BeforeProcessingInitializeOnLoad (191ms)
			ProcessInitializeOnLoadAttributes (172ms)
			ProcessInitializeOnLoadMethodAttributes (88ms)
			AfterProcessingInitializeOnLoad (7ms)
		AwakeInstancesAfterBackupRestoration (10ms)
Launched and connected shader compiler UnityShaderCompiler.exe after 0.02 seconds
Unloading 0 Unused Serialized files (Serialized files now loaded: 0)
Unloading 418 unused Assets / (62.5 KB). Loaded Objects now: 1035.
Memory consumption went from 69.0 MB to 68.9 MB.
Total: 6.031300 ms (FindLiveObjects: 0.151600 ms CreateObjectMapping: 0.030700 ms MarkObjects: 5.603800 ms  DeleteObjects: 0.240300 ms)

========================================================================
Received Import Request.
  Time since last request: 6306.199637 seconds.
  path: Assets/_Recovery
  importAddress: Guid(3398443022712544b98d945a62d154a6) Importer(2089858483,b0f066a214c2f5e87bad3c948f4d605d)
Start importing Assets/_Recovery using Guid(3398443022712544b98d945a62d154a6) Importer(2089858483,b0f066a214c2f5e87bad3c948f4d605d) (ScriptedImporter) -> (Import Result ID: '8d68ad97e1f68ace6a5cb48762bc643f') in 0.1274961 seconds [static and dynamic dependencies]. Details - ImportResultOutputID=ebc482817bcf6633dd2a2d602dfebdf1 DependenciesID=c55b26b3fef1f2829ccd5edc42b5465f StaticDependenciesID=a4fab82053088ad69947f18e38ce69a1 
Number of updated asset objects reloaded before import = 0Number of asset objects unloaded after import = 1

========================================================================
Received Import Request.
  Time since last request: 0.000035 seconds.
  path: Assets/_Recovery/0.unity
  importAddress: Guid(3b5dd3f5feba02646995dbc13bb18bbf) Importer(2089858483,b0f066a214c2f5e87bad3c948f4d605d)
Start importing Assets/_Recovery/0.unity using Guid(3b5dd3f5feba02646995dbc13bb18bbf) Importer(2089858483,b0f066a214c2f5e87bad3c948f4d605d) (ScriptedImporter) -> (Import Result ID: '29ce97c2b145558d12970e71ce8c4a02') in 0.0417388 seconds [static and dynamic dependencies]. Details - ImportResultOutputID=c304615eb9ae77736fe552e0923d6830 DependenciesID=7a2c2ae6e9b60fdaf3fe4d422b1c7db7 StaticDependenciesID=74b281860b0b7115ccee5f31f5717f9c 
Number of updated asset objects reloaded before import = 0Number of asset objects unloaded after import = 1

========================================================================
Received Import Request.
  Time since last request: 9.957762 seconds.
  path: Assets/TextMesh Pro/Examples & Extras/Resources/Fonts & Materials/Roboto-Bold SDF.asset
  importAddress: Guid(5302535af1044152a457ed104f1f4b91) Importer(2089858483,b0f066a214c2f5e87bad3c948f4d605d)
Start importing Assets/TextMesh Pro/Examples & Extras/Resources/Fonts & Materials/Roboto-Bold SDF.asset using Guid(5302535af1044152a457ed104f1f4b91) Importer(2089858483,b0f066a214c2f5e87bad3c948f4d605d) (ScriptedImporter) -> (Import Result ID: '05fd2b0458f3eb86af4c7c7742dad635') in 0.1342654 seconds [static and dynamic dependencies]. Details - ImportResultOutputID=e7902b8c10be6a4eb530fcd55cf49222 DependenciesID=8d592353fb5515831be58aa9b27de10b StaticDependenciesID=fd7f6940e996b19824334858988edfe7 
Number of updated asset objects reloaded before import = 0Number of asset objects unloaded after import = 5

========================================================================
Received Prepare
Begin MonoManager ReloadAssembly
[Licensing::Client] Successfully resolved entitlement details
Assembly Assembly-CSharp-Editor-firstpass.dll at Library/ScriptAssemblies/Assembly-CSharp-Editor-firstpass.dll not valid. Loading of assembly skipped.
Assembly Assembly-CSharp-firstpass.dll at Library/ScriptAssemblies/Assembly-CSharp-firstpass.dll not valid. Loading of assembly skipped.
Assembly Unity.TextMeshPro.Editor.Tests.dll at Library/ScriptAssemblies/Unity.TextMeshPro.Editor.Tests.dll not valid. Loading of assembly skipped.
Assembly Unity.TextMeshPro.Tests.dll at Library/ScriptAssemblies/Unity.TextMeshPro.Tests.dll not valid. Loading of assembly skipped.
Assembly UnityEditor.UI.Common.Tests.dll at Library/ScriptAssemblies/UnityEditor.UI.Common.Tests.dll not valid. Loading of assembly skipped.
Assembly UnityEditor.UI.EditorTests.dll at Library/ScriptAssemblies/UnityEditor.UI.EditorTests.dll not valid. Loading of assembly skipped.
Assembly UnityEngine.UI.Tests.dll at Library/ScriptAssemblies/UnityEngine.UI.Tests.dll not valid. Loading of assembly skipped.
Native extension for WindowsStandalone target not found
[Package Manager] Failed to launch server process. Reason: Unity was launched with the -noUpm command-line argument
[Package Manager] Unable to send message (not connected to server process).
[Package Manager] Cannot connect to Unity Package Manager local server
ScheduleIndexationOnStartup MainProcess:False IndexOnStartup:True
Mono: successfully reloaded assembly
- Finished resetting the current domain, in  1.285 seconds
Domain Reload Profiling: 2198ms
	BeginReloadAssembly (650ms)
		DisableScriptedObjects (15ms)
		CreateAndSetChildDomain (66ms)
	RebuildCommonClasses (86ms)
	RebuildNativeTypeToScriptingClass (28ms)
	initialDomainReloadingComplete (81ms)
	LoadAllAssembliesAndSetupDomain (64ms)
		LoadAssemblies (483ms)
		AnalyzeDomain (41ms)
			TypeCache.Refresh (13ms)
			BuildScriptInfoCaches (18ms)
			ResolveRequiredComponents (7ms)
	FinalizeReload (1288ms)
		SetupLoadedEditorAssemblies (0ms)
			InitializePlatformSupportModulesInManaged (9ms)
			BeforeProcessingInitializeOnLoad (329ms)
			ProcessInitializeOnLoadAttributes (212ms)
			ProcessInitializeOnLoadMethodAttributes (109ms)
			AfterProcessingInitializeOnLoad (10ms)
		AwakeInstancesAfterBackupRestoration (17ms)
Unloading 0 Unused Serialized files (Serialized files now loaded: 0)
Unloading 418 unused Assets / (46.1 KB). Loaded Objects now: 1039.
Memory consumption went from 71.1 MB to 71.1 MB.
Total: 8.017400 ms (FindLiveObjects: 0.119500 ms CreateObjectMapping: 0.035200 ms MarkObjects: 7.575100 ms  DeleteObjects: 0.285500 ms)

Prepare: number of updated asset objects reloaded= 0
========================================================================
Received Import Request.
  Time since last request: 152.142624 seconds.
  path: Assets/Realistic Tree/Source/Models/Weeping Willow/Willow_1.fbx
  importAddress: Guid(dc0216af1cf8252438f4cc59cbee0a84) Importer(815301076,1909f56bfc062723c751e8b465ee728b)
Start importing Assets/Realistic Tree/Source/Models/Weeping Willow/Willow_1.fbx using Guid(dc0216af1cf8252438f4cc59cbee0a84) Importer(815301076,1909f56bfc062723c751e8b465ee728b) (PreviewImporter) -> (Import Result ID: '88259ea28fa120c1e5d90e315c681bdb') in 1.0933533 seconds [static and dynamic dependencies]. Details - ImportResultOutputID=78900494f1be3fea16602940859cb3e8 DependenciesID=4a5a3bfa23b2dbc86b64c0eb1f199467 StaticDependenciesID=6bf58d1ed7407356f311d17ff472892f 
Number of updated asset objects reloaded before import = 0Number of asset objects unloaded after import = 45

========================================================================
Received Import Request.
  Time since last request: 0.000056 seconds.
  path: Assets/Realistic Tree/Source/Models/Weeping Willow/Willow_8.fbx
  importAddress: Guid(8a494c8aa994f3d4bbb033b576a828b0) Importer(815301076,1909f56bfc062723c751e8b465ee728b)
Start importing Assets/Realistic Tree/Source/Models/Weeping Willow/Willow_8.fbx using Guid(8a494c8aa994f3d4bbb033b576a828b0) Importer(815301076,1909f56bfc062723c751e8b465ee728b) (PreviewImporter) -> (Import Result ID: '06424fd7efa4d6c400f3b71b6050498a') in 0.4755376 seconds [static and dynamic dependencies]. Details - ImportResultOutputID=3f1fa1fbd0c4580b1c86003d4fc18a34 DependenciesID=2fd55b6b0ada288de738ddfe0de457c0 StaticDependenciesID=60adc968dee7fee7024fb8dc80a11c01 
Number of updated asset objects reloaded before import = 0Number of asset objects unloaded after import = 45

========================================================================
Received Import Request.
  Time since last request: 0.000045 seconds.
  path: Assets/Realistic Tree/Source/Models/Weeping Willow/Willow_6.fbx
  importAddress: Guid(7f774b610692ed5479787b42a33df9fe) Importer(815301076,1909f56bfc062723c751e8b465ee728b)
Start importing Assets/Realistic Tree/Source/Models/Weeping Willow/Willow_6.fbx using Guid(7f774b610692ed5479787b42a33df9fe) Importer(815301076,1909f56bfc062723c751e8b465ee728b) (PreviewImporter) -> (Import Result ID: '27f65752ccfcf402a5c52709e18e6448') in 0.2188197 seconds [static and dynamic dependencies]. Details - ImportResultOutputID=477e7c889917c2c9e2c3ef94577d56c3 DependenciesID=03e5b84af866b6107f7010000d2f8cd6 StaticDependenciesID=410350755487df76fa19bf43e08b7c4a 
Number of updated asset objects reloaded before import = 0Number of asset objects unloaded after import = 45

========================================================================
Received Import Request.
  Time since last request: 0.000046 seconds.
  path: Assets/Realistic Tree/Source/Models/Weeping Willow/Willow_3.fbx
  importAddress: Guid(5ee670923fc9f904380d3eb031e817c2) Importer(815301076,1909f56bfc062723c751e8b465ee728b)
Start importing Assets/Realistic Tree/Source/Models/Weeping Willow/Willow_3.fbx using Guid(5ee670923fc9f904380d3eb031e817c2) Importer(815301076,1909f56bfc062723c751e8b465ee728b) (PreviewImporter) -> (Import Result ID: '0aeb8ea595b744c6d1f0d17418b67270') in 0.2129108 seconds [static and dynamic dependencies]. Details - ImportResultOutputID=eed4731769050cf92ebdbb644589d000 DependenciesID=a827d98041ae55aee3e26339f3ccd373 StaticDependenciesID=46fd49d25f3aadfa5e3f73c557c04a29 
Number of updated asset objects reloaded before import = 0Number of asset objects unloaded after import = 45

========================================================================
Received Import Request.
  Time since last request: 0.000066 seconds.
  path: Assets/Realistic Tree/Source/Models/Ash/Ash_7.fbx
  importAddress: Guid(5c27358fbf70b91439f3ea582c3f1169) Importer(815301076,1909f56bfc062723c751e8b465ee728b)
Start importing Assets/Realistic Tree/Source/Models/Ash/Ash_7.fbx using Guid(5c27358fbf70b91439f3ea582c3f1169) Importer(815301076,1909f56bfc062723c751e8b465ee728b) (PreviewImporter) -> (Import Result ID: '9d0abea8dd5c02aab4149482615d4524') in 0.2796977 seconds [static and dynamic dependencies]. Details - ImportResultOutputID=0f022af4101fbf60c98ceb631ae06de1 DependenciesID=c51bc90a6ac9a9ee0b6d566c42d13104 StaticDependenciesID=689fc492cb5fd59f17918a0663ed13ac 
Number of updated asset objects reloaded before import = 0Number of asset objects unloaded after import = 65

========================================================================
Received Import Request.
  Time since last request: 0.000045 seconds.
  path: Assets/Realistic Tree/Source/Models/Ash/Ash_4.fbx
  importAddress: Guid(0c659ee1da62aec498924a350ab501f5) Importer(815301076,1909f56bfc062723c751e8b465ee728b)
Start importing Assets/Realistic Tree/Source/Models/Ash/Ash_4.fbx using Guid(0c659ee1da62aec498924a350ab501f5) Importer(815301076,1909f56bfc062723c751e8b465ee728b) (PreviewImporter) -> (Import Result ID: '083710c7b186fcccea761222c968ea8c') in 0.2843385 seconds [static and dynamic dependencies]. Details - ImportResultOutputID=d0efb80db9934443616c0f6f5f35ab29 DependenciesID=6f4f806993c9f4e6c4dbb01c55d21253 StaticDependenciesID=2118a88ed1e4000d8e31bca10d81aae5 
Number of updated asset objects reloaded before import = 0Number of asset objects unloaded after import = 65

========================================================================
Received Import Request.
  Time since last request: 0.000077 seconds.
  path: Assets/Realistic Tree/Source/Models/Ash/Ash_5.fbx
  importAddress: Guid(0478693173f003e468b046373961dc2f) Importer(815301076,1909f56bfc062723c751e8b465ee728b)
Start importing Assets/Realistic Tree/Source/Models/Ash/Ash_5.fbx using Guid(0478693173f003e468b046373961dc2f) Importer(815301076,1909f56bfc062723c751e8b465ee728b) (PreviewImporter) -> (Import Result ID: '2a1bb59dbb24f5da10d25ea5807e04d9') in 0.2748901 seconds [static and dynamic dependencies]. Details - ImportResultOutputID=77f2c3334f28acd6ae7ab639be783c03 DependenciesID=ad08d4db5e4be3b5705d0c177620f7a2 StaticDependenciesID=440ceee05e20c52b5370cdc5f964aad2 
Number of updated asset objects reloaded before import = 0Number of asset objects unloaded after import = 65

========================================================================
Received Import Request.
  Time since last request: 0.000044 seconds.
  path: Assets/Realistic Tree/Source/Models/Birch/Birch_6.fbx
  importAddress: Guid(ad4c65bb746c39544a78e013f99b3bc5) Importer(815301076,1909f56bfc062723c751e8b465ee728b)
Start importing Assets/Realistic Tree/Source/Models/Birch/Birch_6.fbx using Guid(ad4c65bb746c39544a78e013f99b3bc5) Importer(815301076,1909f56bfc062723c751e8b465ee728b) (PreviewImporter) -> (Import Result ID: '4157abb110f48b95a94ad37590edd269') in 0.2826767 seconds [static and dynamic dependencies]. Details - ImportResultOutputID=7171ae2421455654a5e424e4b94a4764 DependenciesID=00d37331ae42093dd8182032bcc3dca6 StaticDependenciesID=f8dba20f599539382c85a7c3ead0d981 
Number of updated asset objects reloaded before import = 0Number of asset objects unloaded after import = 65

========================================================================
Received Import Request.
  Time since last request: 0.000046 seconds.
  path: Assets/Realistic Tree/Source/Models/Birch/Birch_9.fbx
  importAddress: Guid(9cb9c5a2081942a4c9b50717a1def510) Importer(815301076,1909f56bfc062723c751e8b465ee728b)
Start importing Assets/Realistic Tree/Source/Models/Birch/Birch_9.fbx using Guid(9cb9c5a2081942a4c9b50717a1def510) Importer(815301076,1909f56bfc062723c751e8b465ee728b) (PreviewImporter) -> (Import Result ID: '5b5df666009b8eebe3139c607a3e0f37') in 0.273071 seconds [static and dynamic dependencies]. Details - ImportResultOutputID=f65c9c071a4d2eac7349f3c199b3df7e DependenciesID=28423d2a6641ae85ebaf0e764f106074 StaticDependenciesID=89c0411dc722671aca1bede5b2a333f7 
Number of updated asset objects reloaded before import = 0Number of asset objects unloaded after import = 65

========================================================================
Received Import Request.
  Time since last request: 0.000043 seconds.
  path: Assets/Realistic Tree/Source/Models/Birch/Birch_3.fbx
  importAddress: Guid(af41b1c4d4536ae459fb8fa1d24f59cb) Importer(815301076,1909f56bfc062723c751e8b465ee728b)
Start importing Assets/Realistic Tree/Source/Models/Birch/Birch_3.fbx using Guid(af41b1c4d4536ae459fb8fa1d24f59cb) Importer(815301076,1909f56bfc062723c751e8b465ee728b) (PreviewImporter) -> (Import Result ID: 'b3f37d1de2e49ffc0d1e772941378a16') in 0.2990603 seconds [static and dynamic dependencies]. Details - ImportResultOutputID=420b81fd087fa23af4bcd5d11cb24db3 DependenciesID=84dadcf06e66fae6a2af9fffcacb77cd StaticDependenciesID=cfdbc92dba092f3044e21efce797f1bd 
Number of updated asset objects reloaded before import = 0Number of asset objects unloaded after import = 65

========================================================================
Received Import Request.
  Time since last request: 0.000080 seconds.
  path: Assets/Realistic Tree/Source/Models/Birch/Birch_8.fbx
  importAddress: Guid(a3dbb972b5938bd48977d7a31df70bf0) Importer(815301076,1909f56bfc062723c751e8b465ee728b)
Start importing Assets/Realistic Tree/Source/Models/Birch/Birch_8.fbx using Guid(a3dbb972b5938bd48977d7a31df70bf0) Importer(815301076,1909f56bfc062723c751e8b465ee728b) (PreviewImporter) -> (Import Result ID: 'e9b0f58173c87bff879d506172be5355') in 0.287046 seconds [static and dynamic dependencies]. Details - ImportResultOutputID=0ef44c7dca1000ab6bb457ce6d5b150a DependenciesID=88c6084e688e85ac5358f52e927bc71a StaticDependenciesID=b413310ee864edec59d018b331ba8a61 
Number of updated asset objects reloaded before import = 0Number of asset objects unloaded after import = 65

========================================================================
Received Import Request.
  Time since last request: 0.000065 seconds.
  path: Assets/Realistic Tree/Source/Models/Birch/Birch_7.fbx
  importAddress: Guid(78b4adbe06b07174291600873fa98c87) Importer(815301076,1909f56bfc062723c751e8b465ee728b)
Start importing Assets/Realistic Tree/Source/Models/Birch/Birch_7.fbx using Guid(78b4adbe06b07174291600873fa98c87) Importer(815301076,1909f56bfc062723c751e8b465ee728b) (PreviewImporter) -> (Import Result ID: '645d3fd21faea4671b477f930c462731') in 0.2183886 seconds [static and dynamic dependencies]. Details - ImportResultOutputID=455cffdc7a7bd92be7fc24d5a0afb0b3 DependenciesID=ea3e645168bf689087940559d4a0451c StaticDependenciesID=5aa3602f546f1d93011abaa95e162bc7 
Number of updated asset objects reloaded before import = 0Number of asset objects unloaded after import = 45

========================================================================
Received Import Request.
  Time since last request: 0.000063 seconds.
  path: Assets/Realistic Tree/Source/Models/Ash/Ash_3.fbx
  importAddress: Guid(defd852720802834b9378d7c05cb94f2) Importer(815301076,1909f56bfc062723c751e8b465ee728b)
Start importing Assets/Realistic Tree/Source/Models/Ash/Ash_3.fbx using Guid(defd852720802834b9378d7c05cb94f2) Importer(815301076,1909f56bfc062723c751e8b465ee728b) (PreviewImporter) -> (Import Result ID: '3414262bd9920de920ff2fd90539453d') in 0.25273 seconds [static and dynamic dependencies]. Details - ImportResultOutputID=6f0762ba7025da8cf0a068881d351cb5 DependenciesID=1f8161779f311260776442aaacb4bcef StaticDependenciesID=49e95a8372c6318b9f7653978fe97f43 
Number of updated asset objects reloaded before import = 0Number of asset objects unloaded after import = 65

========================================================================
Received Import Request.
  Time since last request: 0.000042 seconds.
  path: Assets/Realistic Tree/Source/Models/Birch/Birch_2.fbx
  importAddress: Guid(6da9fd099a5f0f744917f484a65d82e4) Importer(815301076,1909f56bfc062723c751e8b465ee728b)
Start importing Assets/Realistic Tree/Source/Models/Birch/Birch_2.fbx using Guid(6da9fd099a5f0f744917f484a65d82e4) Importer(815301076,1909f56bfc062723c751e8b465ee728b) (PreviewImporter) -> (Import Result ID: '6912b6693c4c1c31dc7dc9608a78f62d') in 0.2862022 seconds [static and dynamic dependencies]. Details - ImportResultOutputID=ef388c1cb6f08aa2514953ac2063e8dc DependenciesID=7745036b6dec9abd7afb546201fef85b StaticDependenciesID=dd188df81877e3ee41825e3a26abd890 
Number of updated asset objects reloaded before import = 0Number of asset objects unloaded after import = 65

========================================================================
Received Import Request.
  Time since last request: 0.000125 seconds.
  path: Assets/Realistic Tree/Source/Models/Ash/Ash_2.fbx
  importAddress: Guid(50e2cd5e22790be4f9314fe8f90a6fa6) Importer(815301076,1909f56bfc062723c751e8b465ee728b)
Start importing Assets/Realistic Tree/Source/Models/Ash/Ash_2.fbx using Guid(50e2cd5e22790be4f9314fe8f90a6fa6) Importer(815301076,1909f56bfc062723c751e8b465ee728b) (PreviewImporter) -> (Import Result ID: 'de62294240831439651385bb10046792') in 0.3063754 seconds [static and dynamic dependencies]. Details - ImportResultOutputID=f5c04591e9473f28d7bbc33913162a01 DependenciesID=be63642dc91b5c80067cfcb6f09aa3be StaticDependenciesID=d75a1949b41c894faaef0c9f24924a8a 
Number of updated asset objects reloaded before import = 0Number of asset objects unloaded after import = 65

========================================================================
Received Import Request.
  Time since last request: 3.518915 seconds.
  path: Assets/Realistic Tree/Source/Models/Spruce/Spruce_2.fbx
  importAddress: Guid(3855f0123d3fbcc4a98addca39e5b1bf) Importer(815301076,1909f56bfc062723c751e8b465ee728b)
Start importing Assets/Realistic Tree/Source/Models/Spruce/Spruce_2.fbx using Guid(3855f0123d3fbcc4a98addca39e5b1bf) Importer(815301076,1909f56bfc062723c751e8b465ee728b) (PreviewImporter) -> (Import Result ID: 'e931fb4b580e44a34fc1e4055a685630') in 0.2352621 seconds [static and dynamic dependencies]. Details - ImportResultOutputID=0fdf8178f1fc06fe7ce8270f44a3da54 DependenciesID=19827e2ab82e4ae99791a6dce3ac5273 StaticDependenciesID=17ae2f6cb2f1edb82c01fe004f60e8d3 
Number of updated asset objects reloaded before import = 0Number of asset objects unloaded after import = 65

========================================================================
Received Import Request.
  Time since last request: 0.000040 seconds.
  path: Assets/Realistic Tree/Source/Models/Spruce/Spruce_8.fbx
  importAddress: Guid(b04b248bc2ead764bb3ebae3eaf1da10) Importer(815301076,1909f56bfc062723c751e8b465ee728b)
Start importing Assets/Realistic Tree/Source/Models/Spruce/Spruce_8.fbx using Guid(b04b248bc2ead764bb3ebae3eaf1da10) Importer(815301076,1909f56bfc062723c751e8b465ee728b) (PreviewImporter) -> (Import Result ID: '9b10c72201c1de748a1c33d075fa5694') in 0.2235448 seconds [static and dynamic dependencies]. Details - ImportResultOutputID=a4e5aa1129f957693c4de3fd3116ac64 DependenciesID=d38ab92ad5b5f520378724a66b4adcd7 StaticDependenciesID=4fe17215f6d5b94649327afd21b86659 
Number of updated asset objects reloaded before import = 0Number of asset objects unloaded after import = 65

========================================================================
Received Import Request.
  Time since last request: 0.000052 seconds.
  path: Assets/Realistic Tree/Source/Models/Spruce/Spruce_9.fbx
  importAddress: Guid(68c4e020fcdff5c498f9f6a78a055540) Importer(815301076,1909f56bfc062723c751e8b465ee728b)
Start importing Assets/Realistic Tree/Source/Models/Spruce/Spruce_9.fbx using Guid(68c4e020fcdff5c498f9f6a78a055540) Importer(815301076,1909f56bfc062723c751e8b465ee728b) (PreviewImporter) -> (Import Result ID: '0555651b8835d367113adb228d6286f0') in 0.2453972 seconds [static and dynamic dependencies]. Details - ImportResultOutputID=c2c8a1c9f17e4b16840bba043565b7b4 DependenciesID=b83bf7ba1b33aa1692085158b3845002 StaticDependenciesID=96954101658f8aa70dccc217f1008ef1 
Number of updated asset objects reloaded before import = 0Number of asset objects unloaded after import = 65

========================================================================
Received Import Request.
  Time since last request: 0.000073 seconds.
  path: Assets/Realistic Tree/Source/Models/Spruce/Spruce_6.fbx
  importAddress: Guid(b6f128c0d333c464a9e1af232ae83d0d) Importer(815301076,1909f56bfc062723c751e8b465ee728b)
Start importing Assets/Realistic Tree/Source/Models/Spruce/Spruce_6.fbx using Guid(b6f128c0d333c464a9e1af232ae83d0d) Importer(815301076,1909f56bfc062723c751e8b465ee728b) (PreviewImporter) -> (Import Result ID: '482a65d1d3740ed2c0f5e3a003bc145a') in 0.3152687 seconds [static and dynamic dependencies]. Details - ImportResultOutputID=b2c76e8e4d0f3a3210ff07c2c97132e4 DependenciesID=b592666258933d1c3178af7e17048a36 StaticDependenciesID=576131b45b13332525aff7dff5cb1cfb 
Number of updated asset objects reloaded before import = 0Number of asset objects unloaded after import = 65

========================================================================
Received Import Request.
  Time since last request: 0.215931 seconds.
  path: Assets/Realistic Tree/Source/Models/Chestnut/Chestnut_2.fbx
  importAddress: Guid(e3d7885ce9a810f44be9bbf1a4e1843f) Importer(815301076,1909f56bfc062723c751e8b465ee728b)
Start importing Assets/Realistic Tree/Source/Models/Chestnut/Chestnut_2.fbx using Guid(e3d7885ce9a810f44be9bbf1a4e1843f) Importer(815301076,1909f56bfc062723c751e8b465ee728b) (PreviewImporter) -> (Import Result ID: '218a972f52aaf62e5ae1fd6df2794875') in 0.2949164 seconds [static and dynamic dependencies]. Details - ImportResultOutputID=f2c8a805a02f94e4ac802ad50ed5f630 DependenciesID=5e7d0362ee9f37b6691139f91fe8f269 StaticDependenciesID=fa9ec92837684c550bc0ddabc065e8d4 
Number of updated asset objects reloaded before import = 0Number of asset objects unloaded after import = 85

========================================================================
Received Import Request.
  Time since last request: 0.000094 seconds.
  path: Assets/Realistic Tree/Source/Models/Chestnut/Chestnut_6.fbx
  importAddress: Guid(6ec9fc7d507c19d4a80adbcc93327c36) Importer(815301076,1909f56bfc062723c751e8b465ee728b)
Start importing Assets/Realistic Tree/Source/Models/Chestnut/Chestnut_6.fbx using Guid(6ec9fc7d507c19d4a80adbcc93327c36) Importer(815301076,1909f56bfc062723c751e8b465ee728b) (PreviewImporter) -> (Import Result ID: '4cf02cc46e1a5ef3aa03aec16af77b77') in 0.367582 seconds [static and dynamic dependencies]. Details - ImportResultOutputID=cc4ef447d3d21e4dc0d4ae63abbc3bc3 DependenciesID=3f7b4efb171c500464801cfa68bc73dc StaticDependenciesID=2970aacc1792d5c378564d19a3ba90ea 
Number of updated asset objects reloaded before import = 0Number of asset objects unloaded after import = 105

========================================================================
Received Prepare
Begin MonoManager ReloadAssembly
[Licensing::Client] Successfully resolved entitlement details
Assembly Assembly-CSharp-Editor-firstpass.dll at Library/ScriptAssemblies/Assembly-CSharp-Editor-firstpass.dll not valid. Loading of assembly skipped.
Assembly Assembly-CSharp-firstpass.dll at Library/ScriptAssemblies/Assembly-CSharp-firstpass.dll not valid. Loading of assembly skipped.
Assembly Unity.TextMeshPro.Editor.Tests.dll at Library/ScriptAssemblies/Unity.TextMeshPro.Editor.Tests.dll not valid. Loading of assembly skipped.
Assembly Unity.TextMeshPro.Tests.dll at Library/ScriptAssemblies/Unity.TextMeshPro.Tests.dll not valid. Loading of assembly skipped.
Assembly UnityEditor.UI.Common.Tests.dll at Library/ScriptAssemblies/UnityEditor.UI.Common.Tests.dll not valid. Loading of assembly skipped.
Assembly UnityEditor.UI.EditorTests.dll at Library/ScriptAssemblies/UnityEditor.UI.EditorTests.dll not valid. Loading of assembly skipped.
Assembly UnityEngine.UI.Tests.dll at Library/ScriptAssemblies/UnityEngine.UI.Tests.dll not valid. Loading of assembly skipped.
Native extension for WindowsStandalone target not found
[Package Manager] Failed to launch server process. Reason: Unity was launched with the -noUpm command-line argument
[Package Manager] Unable to send message (not connected to server process).
[Package Manager] Cannot connect to Unity Package Manager local server
ScheduleIndexationOnStartup MainProcess:False IndexOnStartup:True
Mono: successfully reloaded assembly
- Finished resetting the current domain, in  0.610 seconds
Domain Reload Profiling: 1118ms
	BeginReloadAssembly (293ms)
		DisableScriptedObjects (6ms)
		CreateAndSetChildDomain (36ms)
	RebuildCommonClasses (74ms)
	RebuildNativeTypeToScriptingClass (22ms)
	initialDomainReloadingComplete (72ms)
	LoadAllAssembliesAndSetupDomain (45ms)
		LoadAssemblies (182ms)
		AnalyzeDomain (28ms)
			TypeCache.Refresh (6ms)
			BuildScriptInfoCaches (16ms)
			ResolveRequiredComponents (5ms)
	FinalizeReload (612ms)
		SetupLoadedEditorAssemblies (0ms)
			InitializePlatformSupportModulesInManaged (4ms)
			BeforeProcessingInitializeOnLoad (165ms)
			ProcessInitializeOnLoadAttributes (125ms)
			ProcessInitializeOnLoadMethodAttributes (105ms)
			AfterProcessingInitializeOnLoad (6ms)
		AwakeInstancesAfterBackupRestoration (9ms)
Unloading 0 Unused Serialized files (Serialized files now loaded: 0)
Unloading 418 unused Assets / (27.5 KB). Loaded Objects now: 1050.
Memory consumption went from 72.0 MB to 72.0 MB.
Total: 4.948700 ms (FindLiveObjects: 0.085100 ms CreateObjectMapping: 0.028300 ms MarkObjects: 4.703800 ms  DeleteObjects: 0.129800 ms)

Prepare: number of updated asset objects reloaded= 0
Editor requested this worker to shutdown with reason: Scaling down because of idle timeout
AssetImportWorkerClient::OnTransportError - code=2 error=End of file
AssetImportWorker is now disconnected from the server
Process exiting
Exiting without the bug reporter. Application will terminate with return code 0